<?xml version="1.0" encoding="UTF-8"?>
<!-- Generated by org.testng.reporters.JUnitReportReporter -->
<testsuite hostname="01HW1442137" name="Regression.activateContract" tests="3" failures="0" timestamp="28 May 2021 19:08:59 GMT" time="206.907" errors="0">
  <testcase name="awaitingactivation" time="74.716" classname="Regression.activateContract"/>
  <testcase name="attentionrequired" time="109.474" classname="Regression.activateContract"/>
  <testcase name="contractactivation" time="22.717" classname="Regression.activateContract"/>
</testsuite> <!-- Regression.activateContract -->
