<?xml version="1.0" encoding="UTF-8"?>
<!-- Generated by org.testng.reporters.JUnitReportReporter -->
<testsuite hostname="01HW1442137" name="Regression.cloneQuote" tests="1" failures="0" timestamp="4 May 2021 14:13:38 GMT" time="215.439" errors="0">
  <testcase name="LoginpageNavigation" time="215.439" classname="Regression.cloneQuote"/>
</testsuite> <!-- Regression.cloneQuote -->
