<?xml version="1.0" encoding="UTF-8"?>
<!-- Generated by org.testng.reporters.JUnitReportReporter -->
<testsuite hostname="01HW1442137" name="Regression.activateContract" tests="3" failures="0" timestamp="15 Jun 2021 17:36:51 GMT" time="216.571" errors="0">
  <testcase name="awaitingactivation" time="51.423" classname="Regression.activateContract"/>
  <testcase name="contractactivation" time="27.895" classname="Regression.activateContract"/>
  <testcase name="attentionrequired" time="137.253" classname="Regression.activateContract"/>
</testsuite> <!-- Regression.activateContract -->
