<?xml version="1.0" encoding="UTF-8"?>
<!-- Generated by org.testng.reporters.JUnitReportReporter -->
<testsuite hostname="01HW1442137" name="Regression.cloneQuote" tests="1" failures="0" timestamp="17 May 2021 12:41:12 GMT" time="206.631" errors="0">
  <testcase name="LoginpageNavigation" time="206.631" classname="Regression.cloneQuote"/>
</testsuite> <!-- Regression.cloneQuote -->
