<?xml version="1.0" encoding="UTF-8"?>
<!-- Generated by org.testng.reporters.JUnitReportReporter -->
<testsuite hostname="01HW1442137" name="Regression.amendmentSubmitForSignature" tests="1" failures="0" timestamp="28 May 2021 22:41:52 GMT" time="256.564" errors="0">
  <testcase name="amendmentSubmitForSignature" time="256.564" classname="Regression.amendmentSubmitForSignature"/>
</testsuite> <!-- Regression.amendmentSubmitForSignature -->
