<?xml version="1.0" encoding="UTF-8"?>
<!-- Generated by org.testng.reporters.JUnitReportReporter -->
<testsuite hostname="01HW1442137" name="Regression.eSignature" tests="1" failures="0" timestamp="14 Jun 2021 17:09:15 GMT" time="501.880" errors="0">
  <testcase name="eSignature" time="501.880" classname="Regression.eSignature"/>
</testsuite> <!-- Regression.eSignature -->
