<?xml version="1.0" encoding="UTF-8"?>
<!-- Generated by org.testng.reporters.JUnitReportReporter -->
<testsuite hostname="01HW1442137" name="Regression.createAccountandEdit" tests="1" failures="0" timestamp="17 May 2021 11:56:49 GMT" time="114.228" errors="0">
  <testcase name="createAccountandEdit" time="114.228" classname="Regression.createAccountandEdit"/>
</testsuite> <!-- Regression.createAccountandEdit -->
