<?xml version="1.0" encoding="UTF-8"?>
<!-- Generated by org.testng.reporters.JUnitReportReporter -->
<testsuite hostname="01HW1442137" name="Regression.amendContract" tests="1" failures="0" timestamp="28 May 2021 22:54:15 GMT" time="171.732" errors="0">
  <testcase name="amendContract" time="171.732" classname="Regression.amendContract"/>
</testsuite> <!-- Regression.amendContract -->
