<?xml version="1.0" encoding="UTF-8"?>
<!-- Generated by org.testng.reporters.JUnitReportReporter -->
<testsuite hostname="01HW1442137" name="Regression.createContract" tests="1" failures="0" timestamp="27 May 2021 11:45:32 GMT" time="261.907" errors="0">
  <testcase name="createContract" time="261.907" classname="Regression.createContract"/>
</testsuite> <!-- Regression.createContract -->
