<?xml version="1.0" encoding="UTF-8"?>
<!-- Generated by org.testng.reporters.JUnitReportReporter -->
<testsuite hostname="01HW1442137" name="Regression.amendmentSubmitEdit" tests="1" failures="0" timestamp="28 May 2021 21:40:43 GMT" time="498.751" errors="0">
  <testcase name="amendmentSubmitEdit" time="498.751" classname="Regression.amendmentSubmitEdit"/>
</testsuite> <!-- Regression.amendmentSubmitEdit -->
