<?xml version="1.0" encoding="UTF-8"?>
<!-- Generated by org.testng.reporters.JUnitReportReporter -->
<testsuite hostname="01HW1442137" name="Regression.createAmendmentOpportunity" tests="1" failures="0" timestamp="3 Jun 2021 11:27:21 GMT" time="120.824" errors="0">
  <testcase name="createAmendmentOpportunity" time="120.824" classname="Regression.createAmendmentOpportunity"/>
</testsuite> <!-- Regression.createAmendmentOpportunity -->
