<?xml version="1.0" encoding="UTF-8"?>
<!-- Generated by org.testng.reporters.JUnitReportReporter -->
<testsuite hostname="01HW1442137" name="Regression.createContract" tests="1" failures="0" timestamp="25 May 2021 11:30:40 GMT" time="162.947" errors="0">
  <testcase name="createContract" time="162.947" classname="Regression.createContract"/>
</testsuite> <!-- Regression.createContract -->
