<?xml version="1.0" encoding="UTF-8"?>
<!-- Generated by org.testng.reporters.JUnitReportReporter -->
<testsuite hostname="01HW1442137" name="Regression.createLead" tests="1" failures="0" timestamp="17 May 2021 12:47:28 GMT" time="122.261" errors="0">
  <testcase name="LoginpageNavigation" time="122.261" classname="Regression.createLead"/>
</testsuite> <!-- Regression.createLead -->
