<?xml version="1.0" encoding="UTF-8"?>
<!-- Generated by org.testng.reporters.JUnitReportReporter -->
<testsuite hostname="01HW1442137" name="Regression.createContract" tests="1" failures="0" timestamp="28 Jun 2021 10:23:58 GMT" time="205.701" errors="0">
  <testcase name="createContract" time="205.701" classname="Regression.createContract"/>
</testsuite> <!-- Regression.createContract -->
