<?xml version="1.0" encoding="UTF-8"?>
<!-- Generated by org.testng.reporters.JUnitReportReporter -->
<testsuite hostname="01HW1442137" name="Regression.createOpportunity" tests="1" failures="0" timestamp="27 May 2021 10:40:24 GMT" time="191.521" errors="0">
  <testcase name="createOpportunity" time="191.521" classname="Regression.createOpportunity"/>
</testsuite> <!-- Regression.createOpportunity -->
