<?xml version="1.0" encoding="UTF-8"?>
<!-- Generated by org.testng.reporters.JUnitReportReporter -->
<testsuite hostname="01HW1442137" name="Regression.createOpportunity" tests="1" failures="0" timestamp="7 Jun 2021 16:25:50 GMT" time="141.020" errors="0">
  <testcase name="createOpportunity" time="141.020" classname="Regression.createOpportunity"/>
</testsuite> <!-- Regression.createOpportunity -->
