<?xml version="1.0" encoding="UTF-8"?>
<!-- Generated by org.testng.reporters.JUnitReportReporter -->
<testsuite hostname="01HW1442137" name="Regression.createQuoteandConfigure" tests="1" failures="0" timestamp="4 May 2021 13:35:24 GMT" time="567.369" errors="0">
  <testcase name="LoginpageNavigation" time="567.369" classname="Regression.createQuoteandConfigure"/>
</testsuite> <!-- Regression.createQuoteandConfigure -->
