<?xml version="1.0" encoding="UTF-8"?>
<!-- Generated by org.testng.reporters.JUnitReportReporter -->
<testsuite hostname="01HW1442137" name="Regression.createAccountandEdit" tests="2" failures="0" timestamp="24 May 2021 19:55:38 GMT" time="106.713" errors="0">
  <testcase name="editAccount" time="35.769" classname="Regression.createAccountandEdit"/>
  <testcase name="createAccount" time="70.944" classname="Regression.createAccountandEdit"/>
</testsuite> <!-- Regression.createAccountandEdit -->
