<?xml version="1.0" encoding="UTF-8"?>
<!-- Generated by org.testng.reporters.JUnitReportReporter -->
<testsuite hostname="01HW1442137" name="Regression.LoginPage"
	tests="1" failures="0" timestamp="4 Feb 2021 19:11:16 GMT" time="117.579"
	errors="0">
	<testcase name="LoginpageNavigation" time="117.579"
		classname="Regression.LoginPage" />
</testsuite> <!-- Regression.LoginPage -->
