<?xml version="1.0" encoding="UTF-8"?>
<!-- Generated by org.testng.reporters.JUnitReportReporter -->
<testsuite hostname="01HW1442137" name="Regression.createQuoteandConfigure" tests="4" failures="0" timestamp="27 May 2021 10:51:21 GMT" time="620.214" errors="0">
  <testcase name="generatequoteproposal" time="142.135" classname="Regression.createQuoteandConfigure"/>
  <testcase name="approveQuote" time="30.956" classname="Regression.createQuoteandConfigure"/>
  <testcase name="configureQuote" time="322.542" classname="Regression.createQuoteandConfigure"/>
  <testcase name="createQuote" time="124.581" classname="Regression.createQuoteandConfigure"/>
</testsuite> <!-- Regression.createQuoteandConfigure -->
