<?xml version="1.0" encoding="UTF-8"?>
<!-- Generated by org.testng.reporters.JUnitReportReporter -->
<testsuite hostname="01HW1442137" name="Regression.createLead" tests="1" failures="0" timestamp="4 May 2021 11:26:21 GMT" time="106.012" errors="0">
  <testcase name="LoginpageNavigation" time="106.012" classname="Regression.createLead"/>
</testsuite> <!-- Regression.createLead -->
