<?xml version="1.0" encoding="UTF-8"?>
<!-- Generated by org.testng.reporters.JUnitReportReporter -->
<testsuite hostname="01HW1442137" name="Regression.contractSubmitForSignature" tests="1" failures="0" timestamp="17 Jun 2021 08:11:30 GMT" time="263.197" errors="0">
  <testcase name="SubmitForSignature" time="263.197" classname="Regression.contractSubmitForSignature"/>
</testsuite> <!-- Regression.contractSubmitForSignature -->
