<?xml version="1.0" encoding="UTF-8"?>
<!-- Generated by org.testng.reporters.JUnitReportReporter -->
<testsuite hostname="01HW1442137" name="Regression.createOpportunity" tests="1" failures="0" timestamp="29 Jun 2021 10:20:55 GMT" time="145.045" errors="0">
  <testcase name="createOpportunity" time="145.045" classname="Regression.createOpportunity"/>
</testsuite> <!-- Regression.createOpportunity -->
