<?xml version="1.0" encoding="UTF-8"?>
<!-- Generated by org.testng.reporters.JUnitReportReporter -->
<testsuite hostname="01HW1442137" name="Regression.createLead" tests="2" failures="0" timestamp="17 Jun 2021 15:10:43 GMT" time="135.488" errors="0">
  <testcase name="convertLead" time="35.976" classname="Regression.createLead"/>
  <testcase name="createLead" time="99.512" classname="Regression.createLead"/>
</testsuite> <!-- Regression.createLead -->
