<?xml version="1.0" encoding="UTF-8"?>
<!-- Generated by org.testng.reporters.JUnitReportReporter -->
<testsuite hostname="01HW1442137" name="Regression.createNonRevenueContract" tests="1" failures="0" timestamp="29 Jun 2021 11:03:57 GMT" time="217.510" errors="0">
  <testcase name="createNonRevenueContract" time="217.510" classname="Regression.createNonRevenueContract"/>
</testsuite> <!-- Regression.createNonRevenueContract -->
