<?xml version="1.0" encoding="UTF-8"?>
<!-- Generated by org.testng.reporters.JUnitReportReporter -->
<testsuite hostname="01HW1442137" name="Regression.contractSubmitEdit" tests="1" failures="0" timestamp="28 May 2021 18:32:41 GMT" time="402.994" errors="0">
  <testcase name="Submitedit" time="402.994" classname="Regression.contractSubmitEdit"/>
</testsuite> <!-- Regression.contractSubmitEdit -->
