<?xml version="1.0" encoding="UTF-8"?>
<!-- Generated by org.testng.reporters.JUnitReportReporter -->
<testsuite hostname="01HW1442137" name="Regression.createNonRevenueContract" tests="1" failures="0" timestamp="15 Jun 2021 16:58:11 GMT" time="177.840" errors="0">
  <testcase name="createNonRevenueContract" time="177.840" classname="Regression.createNonRevenueContract"/>
</testsuite> <!-- Regression.createNonRevenueContract -->
