<?xml version="1.0" encoding="UTF-8"?>
<!-- Generated by org.testng.reporters.JUnitReportReporter -->
<testsuite hostname="01HW1442137" name="Regression.createOpportunity" tests="1" failures="0" timestamp="24 May 2021 20:14:39 GMT" time="136.041" errors="0">
  <testcase name="createOpportunity" time="136.041" classname="Regression.createOpportunity"/>
</testsuite> <!-- Regression.createOpportunity -->
