<?xml version="1.0" encoding="UTF-8"?>
<!-- Generated by org.testng.reporters.JUnitReportReporter -->
<testsuite hostname="01HW1442137" name="Regression.LoginPage" tests="4" failures="0" timestamp="2 Jun 2021 03:37:07 GMT" time="383.896" errors="0">
  <testcase name="createOpp" time="77.355" classname="Regression.LoginPage"/>
  <testcase name="amendContract" time="111.005" classname="Regression.LoginPage"/>
  <testcase name="amendmentSubmitEdit" time="0.000" classname="Regression.LoginPage"/>
  <testcase name="amendmentSubmitForSignature" time="195.536" classname="Regression.LoginPage"/>
</testsuite> <!-- Regression.LoginPage -->
