<?xml version="1.0" encoding="UTF-8"?>
<!-- Generated by org.testng.reporters.JUnitReportReporter -->
<testsuite hostname="01HW1442137" name="Regression.contractSubmitEdit" tests="1" failures="0" timestamp="16 Jun 2021 07:27:03 GMT" time="400.629" errors="0">
  <testcase name="Submitedit" time="400.629" classname="Regression.contractSubmitEdit"/>
</testsuite> <!-- Regression.contractSubmitEdit -->
