<?xml version="1.0" encoding="UTF-8"?>
<!-- Generated by org.testng.reporters.JUnitReportReporter -->
<testsuite hostname="01HW1442137" name="Regression.LoginPage" tests="17" failures="0" timestamp="4 Jun 2021 13:21:08 GMT" time="4705.175" errors="0">
  <testcase name="createQuote" time="61.125" classname="Regression.LoginPage"/>
  <testcase name="amendmentSubmitForSignature" time="194.430" classname="Regression.LoginPage"/>
  <testcase name="attentionrequired" time="96.239" classname="Regression.LoginPage"/>
  <testcase name="configureQuote" time="412.968" classname="Regression.LoginPage"/>
  <testcase name="generatequoteproposal" time="201.138" classname="Regression.LoginPage"/>
  <testcase name="createAmendmentOpportunity" time="551.786" classname="Regression.LoginPage"/>
  <testcase name="createOpp" time="130.332" classname="Regression.LoginPage"/>
  <testcase name="createContract" time="115.871" classname="Regression.LoginPage"/>
  <testcase name="amendmentSubmitEdit" time="494.473" classname="Regression.LoginPage"/>
  <testcase name="eSignature" time="711.740" classname="Regression.LoginPage"/>
  <testcase name="Submitedit" time="333.525" classname="Regression.LoginPage"/>
  <testcase name="awaitingactivation" time="36.729" classname="Regression.LoginPage"/>
  <testcase name="contractSubmitForSignature" time="142.170" classname="Regression.LoginPage"/>
  <testcase name="amendContract" time="111.610" classname="Regression.LoginPage"/>
  <testcase name="approveQuote" time="25.534" classname="Regression.LoginPage"/>
  <testcase name="contractactivation" time="44.185" classname="Regression.LoginPage"/>
  <testcase name="eSignatureAmendment" time="1041.320" classname="Regression.LoginPage"/>
</testsuite> <!-- Regression.LoginPage -->
