<?xml version="1.0" encoding="UTF-8"?>
<!-- Generated by org.testng.reporters.JUnitReportReporter -->
<testsuite hostname="01HW1442137" name="Regression.subscriptionTermination" tests="1" failures="0" timestamp="29 Jun 2021 10:54:18 GMT" time="230.026" errors="0">
  <testcase name="Termination" time="230.026" classname="Regression.subscriptionTermination"/>
</testsuite> <!-- Regression.subscriptionTermination -->
