<?xml version="1.0" encoding="UTF-8"?>
<!-- Generated by org.testng.reporters.JUnitReportReporter -->
<testsuite hostname="01HW1442137" name="Regression.createAccountandEdit" tests="1" failures="0" timestamp="4 May 2021 11:19:38 GMT" time="100.570" errors="0">
  <testcase name="createAccountandEdit" time="100.570" classname="Regression.createAccountandEdit"/>
</testsuite> <!-- Regression.createAccountandEdit -->
