<?xml version="1.0" encoding="UTF-8"?>
<!-- Generated by org.testng.reporters.JUnitReportReporter -->
<testsuite hostname="01HW1442137" name="Regression.eSignature" tests="1" failures="0" timestamp="28 May 2021 18:55:02 GMT" time="514.693" errors="0">
  <testcase name="eSignature" time="514.693" classname="Regression.eSignature"/>
</testsuite> <!-- Regression.eSignature -->
