<?xml version="1.0" encoding="UTF-8"?>
<!-- Generated by org.testng.reporters.JUnitReportReporter -->
<testsuite hostname="01HW1442137" name="Regression.activateContract" tests="3" failures="0" timestamp="1 Jun 2021 22:40:07 GMT" time="241.289" errors="0">
  <testcase name="awaitingactivation" time="71.983" classname="Regression.activateContract"/>
  <testcase name="attentionrequired" time="144.924" classname="Regression.activateContract"/>
  <testcase name="contractactivation" time="24.382" classname="Regression.activateContract"/>
</testsuite> <!-- Regression.activateContract -->
