<?xml version="1.0" encoding="UTF-8"?>
<!-- Generated by org.testng.reporters.JUnitReportReporter -->
<testsuite hostname="01HW1442137" name="Regression.eSignature" tests="1" failures="0" timestamp="1 Jun 2021 22:40:07 GMT" time="621.513" errors="0">
  <testcase name="eSignature" time="621.513" classname="Regression.eSignature"/>
</testsuite> <!-- Regression.eSignature -->
