<?xml version="1.0" encoding="UTF-8"?>
<!-- Generated by org.testng.reporters.JUnitReportReporter -->
<testsuite hostname="01HW1442137" name="Regression.createAmendmentOpportunity" tests="1" failures="0" timestamp="28 May 2021 21:31:49 GMT" time="535.953" errors="0">
  <testcase name="createAmendmentOpportunity" time="535.953" classname="Regression.createAmendmentOpportunity"/>
</testsuite> <!-- Regression.createAmendmentOpportunity -->
