<?xml version="1.0" encoding="UTF-8"?>
<!-- Generated by org.testng.reporters.JUnitReportReporter -->
<testsuite hostname="01HW1442137" name="Regression.createAmendmentOpportunity" tests="1" failures="0" timestamp="1 Jun 2021 22:40:07 GMT" time="671.853" errors="0">
  <testcase name="createAmendmentOpportunity" time="671.853" classname="Regression.createAmendmentOpportunity"/>
</testsuite> <!-- Regression.createAmendmentOpportunity -->
