<?xml version="1.0" encoding="UTF-8"?>
<!-- Generated by org.testng.reporters.JUnitReportReporter -->
<testsuite hostname="01HW1442137" name="Regression.createContract" tests="1" failures="0" timestamp="4 May 2021 11:24:13 GMT" time="129.997" errors="0">
  <testcase name="LoginpageNavigation" time="129.997" classname="Regression.createContract"/>
</testsuite> <!-- Regression.createContract -->
