<?xml version="1.0" encoding="UTF-8"?>
<!-- Generated by org.testng.reporters.JUnitReportReporter -->
<testsuite hostname="01HW1442137" name="Regression.cloneQuote" tests="1" failures="0" timestamp="25 May 2021 10:07:05 GMT" time="221.958" errors="0">
  <testcase name="cloneQuote" time="221.958" classname="Regression.cloneQuote"/>
</testsuite> <!-- Regression.cloneQuote -->
