<?xml version="1.0" encoding="UTF-8"?>
<!-- Generated by org.testng.reporters.JUnitReportReporter -->
<testsuite hostname="01HW1442137" name="Regression.activateContract" tests="3" failures="0" timestamp="25 May 2021 11:35:56 GMT" time="150.057" errors="0">
  <testcase name="attentionrequired" time="94.494" classname="Regression.activateContract"/>
  <testcase name="awaitingactivation" time="29.699" classname="Regression.activateContract"/>
  <testcase name="contractactivation" time="25.864" classname="Regression.activateContract"/>
</testsuite> <!-- Regression.activateContract -->
