<?xml version="1.0" encoding="UTF-8"?>
<!-- Generated by org.testng.reporters.JUnitReportReporter -->
<testsuite hostname="01HW1442137" name="Regression.createOpportunity" tests="1" failures="0" timestamp="28 May 2021 17:35:40 GMT" time="167.280" errors="0">
  <testcase name="createOpportunity" time="167.280" classname="Regression.createOpportunity"/>
</testsuite> <!-- Regression.createOpportunity -->
