<?xml version="1.0" encoding="UTF-8"?>
<!-- Generated by org.testng.reporters.JUnitReportReporter -->
<testsuite hostname="01HW1442137" name="Regression.createQuoteandConfigure" tests="4" failures="0" timestamp="28 May 2021 18:20:34 GMT" time="611.046" errors="0">
  <testcase name="createQuote" time="116.570" classname="Regression.createQuoteandConfigure"/>
  <testcase name="configureQuote" time="318.014" classname="Regression.createQuoteandConfigure"/>
  <testcase name="approveQuote" time="30.111" classname="Regression.createQuoteandConfigure"/>
  <testcase name="generatequoteproposal" time="146.351" classname="Regression.createQuoteandConfigure"/>
</testsuite> <!-- Regression.createQuoteandConfigure -->
