<?xml version="1.0" encoding="UTF-8"?>
<!-- Generated by org.testng.reporters.JUnitReportReporter -->
<testsuite hostname="01HW1442137" name="Regression.createContactandEdit" tests="1" failures="0" timestamp="17 May 2021 12:01:50 GMT" time="103.368" errors="0">
  <testcase name="createAccountandEdit" time="103.368" classname="Regression.createContactandEdit"/>
</testsuite> <!-- Regression.createContactandEdit -->
