<?xml version="1.0" encoding="UTF-8"?>
<!-- Generated by org.testng.reporters.JUnitReportReporter -->
<testsuite hostname="01HW1442137" name="Regression.eSignatureAmendment" tests="1" failures="0" timestamp="25 May 2021 17:15:56 GMT" time="87.254" errors="0">
  <testcase name="eSignatureAmendment" time="87.254" classname="Regression.eSignatureAmendment"/>
</testsuite> <!-- Regression.eSignatureAmendment -->
