<?xml version="1.0" encoding="UTF-8"?>
<!-- Generated by org.testng.reporters.JUnitReportReporter -->
<testsuite hostname="01HW1442137" name="Regression.contractSubmitForSignature" tests="1" failures="0" timestamp="27 May 2021 16:27:06 GMT" time="217.878" errors="0">
  <testcase name="contractSubmitForSignature" time="217.878" classname="Regression.contractSubmitForSignature"/>
</testsuite> <!-- Regression.contractSubmitForSignature -->
