<?xml version="1.0" encoding="UTF-8"?>
<!-- Generated by org.testng.reporters.JUnitReportReporter -->
<testsuite hostname="01HW1442137" name="Regression.createContactandEdit" tests="1" failures="0" timestamp="4 May 2021 11:21:45 GMT" time="93.277" errors="0">
  <testcase name="createAccountandEdit" time="93.277" classname="Regression.createContactandEdit"/>
</testsuite> <!-- Regression.createContactandEdit -->
