<?xml version="1.0" encoding="UTF-8"?>
<!-- Generated by org.testng.reporters.JUnitReportReporter -->
<testsuite hostname="01HW1442137" name="Regression.createAmendmentOpportunity" tests="1" failures="0" timestamp="29 May 2021 14:26:53 GMT" time="109.406" errors="0">
  <testcase name="createAmendmentOpportunity" time="109.406" classname="Regression.createAmendmentOpportunity"/>
</testsuite> <!-- Regression.createAmendmentOpportunity -->
