<?xml version="1.0" encoding="UTF-8"?>
<!-- Generated by org.testng.reporters.JUnitReportReporter -->
<testsuite hostname="01HW1442137" name="Regression.createContactandEdit" tests="2" failures="0" timestamp="24 May 2021 20:03:01 GMT" time="101.093" errors="0">
  <testcase name="createContact" time="75.809" classname="Regression.createContactandEdit"/>
  <testcase name="editContact" time="25.284" classname="Regression.createContactandEdit"/>
</testsuite> <!-- Regression.createContactandEdit -->
