<?xml version="1.0" encoding="UTF-8"?>
<!-- Generated by org.testng.reporters.JUnitReportReporter -->
<testsuite hostname="01HW1442137" name="Regression.eSignatureAmendment" tests="1" failures="0" timestamp="28 May 2021 21:59:56 GMT" time="529.731" errors="0">
  <testcase name="eSignatureAmendment" time="529.731" classname="Regression.eSignatureAmendment"/>
</testsuite> <!-- Regression.eSignatureAmendment -->
