<?xml version="1.0" encoding="UTF-8"?>
<!-- Generated by org.testng.reporters.JUnitReportReporter -->
<testsuite hostname="01HW1442137" name="Regression.createOpportunity" tests="1" failures="0" timestamp="4 May 2021 11:28:23 GMT" time="110.633" errors="0">
  <testcase name="LoginpageNavigation" time="110.633" classname="Regression.createOpportunity"/>
</testsuite> <!-- Regression.createOpportunity -->
