<?xml version="1.0" encoding="UTF-8"?>
<!-- Generated by org.testng.reporters.JUnitReportReporter -->
<testsuite hostname="01HW1442137" name="Regression.amendContract" tests="1" failures="0" timestamp="1 Jun 2021 23:43:47 GMT" time="152.593" errors="0">
  <testcase name="amendContract" time="152.593" classname="Regression.amendContract"/>
</testsuite> <!-- Regression.amendContract -->
