<?xml version="1.0" encoding="UTF-8"?>
<!-- Generated by org.testng.reporters.JUnitReportReporter -->
<testsuite hostname="01HW1442137" name="Regression.createQuoteandConfigure" tests="4" failures="0" timestamp="25 May 2021 09:48:09 GMT" time="594.652" errors="0">
  <testcase name="generatequoteproposal" time="142.588" classname="Regression.createQuoteandConfigure"/>
  <testcase name="approveQuote" time="30.269" classname="Regression.createQuoteandConfigure"/>
  <testcase name="configureQuote" time="317.923" classname="Regression.createQuoteandConfigure"/>
  <testcase name="createQuote" time="103.872" classname="Regression.createQuoteandConfigure"/>
</testsuite> <!-- Regression.createQuoteandConfigure -->
