<?xml version="1.0" encoding="UTF-8"?>
<!-- Generated by org.testng.reporters.JUnitReportReporter -->
<testsuite hostname="01HW1442137" name="Regression.createQuoteandConfigure" tests="1" failures="0" timestamp="17 May 2021 12:28:58 GMT" time="540.843" errors="0">
  <testcase name="LoginpageNavigation" time="540.843" classname="Regression.createQuoteandConfigure"/>
</testsuite> <!-- Regression.createQuoteandConfigure -->
