<?xml version="1.0" encoding="UTF-8"?>
<!-- Generated by org.testng.reporters.JUnitReportReporter -->
<testsuite hostname="01HW1442137" name="Regression.contractTermination" tests="1" failures="0" timestamp="29 Jun 2021 11:02:19 GMT" time="189.295" errors="0">
  <testcase name="Termination" time="189.295" classname="Regression.contractTermination"/>
</testsuite> <!-- Regression.contractTermination -->
