<?xml version="1.0" encoding="UTF-8"?>
<!-- Generated by org.testng.reporters.JUnitReportReporter -->
<testsuite hostname="01HW1442137" name="Regression.createContactandEdit" tests="2" failures="0" timestamp="17 Jun 2021 14:37:04 GMT" time="113.326" errors="0">
  <testcase name="editContact" time="29.215" classname="Regression.createContactandEdit"/>
  <testcase name="createContact" time="84.111" classname="Regression.createContactandEdit"/>
</testsuite> <!-- Regression.createContactandEdit -->
