<?xml version="1.0" encoding="UTF-8"?>
<!-- Generated by org.testng.reporters.JUnitReportReporter -->
<testsuite hostname="01HW1442137" name="Regression.createOpportunity" tests="1" failures="0" timestamp="17 Jun 2021 15:18:45 GMT" time="143.332" errors="0">
  <testcase name="createOpportunity" time="143.332" classname="Regression.createOpportunity"/>
</testsuite> <!-- Regression.createOpportunity -->
