<?xml version="1.0" encoding="UTF-8"?>
<!-- Generated by org.testng.reporters.JUnitReportReporter -->
<testsuite hostname="01HW1442137" name="Regression.createLead" tests="2" failures="0" timestamp="24 May 2021 20:09:30 GMT" time="125.214" errors="0">
  <testcase name="createLead" time="89.141" classname="Regression.createLead"/>
  <testcase name="convertLead" time="36.073" classname="Regression.createLead"/>
</testsuite> <!-- Regression.createLead -->
