<?xml version="1.0" encoding="UTF-8"?>
<!-- Generated by org.testng.reporters.JUnitReportReporter -->
<testsuite hostname="01HW1442137" name="Regression.createQuoteandConfigure" tests="4" failures="0" timestamp="1 Jun 2021 22:40:07 GMT" time="919.509" errors="0">
  <testcase name="createQuote" time="119.992" classname="Regression.createQuoteandConfigure"/>
  <testcase name="approveQuote" time="29.816" classname="Regression.createQuoteandConfigure"/>
  <testcase name="configureQuote" time="533.648" classname="Regression.createQuoteandConfigure"/>
  <testcase name="generatequoteproposal" time="236.053" classname="Regression.createQuoteandConfigure"/>
</testsuite> <!-- Regression.createQuoteandConfigure -->
