<?xml version="1.0" encoding="UTF-8"?>
<!-- Generated by org.testng.reporters.JUnitReportReporter -->
<testsuite hostname="01HW1442137" name="Regression.createOpportunity" tests="1" failures="0" timestamp="17 May 2021 11:44:57 GMT" time="118.756" errors="0">
  <testcase name="CreateOpp" time="118.756" classname="Regression.createOpportunity"/>
</testsuite> <!-- Regression.createOpportunity -->
