<?xml version="1.0" encoding="UTF-8"?>
<!-- Generated by org.testng.reporters.JUnitReportReporter -->
<testsuite hostname="01HW1442137" name="Regression.contractSync" tests="1" failures="0" timestamp="1 Jul 2021 15:13:49 GMT" time="2970.853" errors="0">
  <testcase name="sync" time="2970.853" classname="Regression.contractSync"/>
</testsuite> <!-- Regression.contractSync -->
