<?xml version="1.0" encoding="UTF-8"?>
<!-- Generated by org.testng.reporters.JUnitReportReporter -->
<testsuite hostname="01HW1442137" name="Regression.createQuoteandConfigure" tests="4" failures="0" timestamp="29 Jun 2021 10:36:44 GMT" time="937.716" errors="0">
  <testcase name="approveQuote" time="38.685" classname="Regression.createQuoteandConfigure"/>
  <testcase name="configureQuote" time="558.799" classname="Regression.createQuoteandConfigure"/>
  <testcase name="createQuote" time="142.968" classname="Regression.createQuoteandConfigure"/>
  <testcase name="generatequoteproposal" time="197.264" classname="Regression.createQuoteandConfigure"/>
</testsuite> <!-- Regression.createQuoteandConfigure -->
